<?xml version="1.0" encoding="UTF-8"?>
<!-- Generated by org.testng.reporters.JUnitXMLReporter -->
<testsuite hostname="LAPTOP-8VE50PR9" ignored="0" name="Default test" tests="4" failures="0" timestamp="09 Nov 2021 02:06:49 GMT" time="3.217" errors="0">
  <testcase name="addNewData" time="1.571" classname="com.employeeapi.testCases.DataDrivenTesting"/>
  <testcase name="addNewData" time="0.318" classname="com.employeeapi.testCases.DataDrivenTesting"/>
  <testcase name="addNewData" time="0.297" classname="com.employeeapi.testCases.DataDrivenTesting"/>
  <testcase name="addNewData" time="0.32" classname="com.employeeapi.testCases.DataDrivenTesting"/>
</testsuite> <!-- Default test -->
