<?xml version="1.0" encoding="UTF-8"?>
<testng-results skipped="0" failed="0" ignored="0" total="28" passed="28">
  <reporter-output>
  </reporter-output>
  <suite name="EmployeesRestAPISuite" duration-ms="23211" started-at="2021-11-09T01:53:12Z" finished-at="2021-11-09T01:53:35Z">
    <groups>
    </groups>
    <test name="EmployeesRestAPITest" duration-ms="23211" started-at="2021-11-09T01:53:12Z" finished-at="2021-11-09T01:53:35Z">
      <class name="com.employeeapi.testCases.TC003_Post_Employee_Record">
        <test-method status="PASS" signature="setup()[pri:0, instance:com.employeeapi.testCases.TC003_Post_Employee_Record@3b6eb2ec]" name="setup" is-config="true" duration-ms="1" started-at="2021-11-09T01:53:21Z" finished-at="2021-11-09T01:53:21Z">
          <reporter-output>
          </reporter-output>
        </test-method> <!-- setup -->
        <test-method status="PASS" signature="createEmployee()[pri:0, instance:com.employeeapi.testCases.TC003_Post_Employee_Record@3b6eb2ec]" name="createEmployee" is-config="true" duration-ms="5337" started-at="2021-11-09T01:53:21Z" finished-at="2021-11-09T01:53:26Z">
          <reporter-output>
          </reporter-output>
        </test-method> <!-- createEmployee -->
        <test-method status="PASS" signature="checkContentLenght()[pri:0, instance:com.employeeapi.testCases.TC003_Post_Employee_Record@3b6eb2ec]" name="checkContentLenght" duration-ms="1" started-at="2021-11-09T01:53:26Z" finished-at="2021-11-09T01:53:26Z">
          <reporter-output>
          </reporter-output>
        </test-method> <!-- checkContentLenght -->
        <test-method status="PASS" signature="checkContentType()[pri:0, instance:com.employeeapi.testCases.TC003_Post_Employee_Record@3b6eb2ec]" name="checkContentType" duration-ms="1" started-at="2021-11-09T01:53:26Z" finished-at="2021-11-09T01:53:26Z">
          <reporter-output>
          </reporter-output>
        </test-method> <!-- checkContentType -->
        <test-method status="PASS" signature="checkResposeBody()[pri:0, instance:com.employeeapi.testCases.TC003_Post_Employee_Record@3b6eb2ec]" name="checkResposeBody" duration-ms="0" started-at="2021-11-09T01:53:26Z" finished-at="2021-11-09T01:53:26Z">
          <reporter-output>
          </reporter-output>
        </test-method> <!-- checkResposeBody -->
        <test-method status="PASS" signature="checkStatusCode()[pri:0, instance:com.employeeapi.testCases.TC003_Post_Employee_Record@3b6eb2ec]" name="checkStatusCode" duration-ms="0" started-at="2021-11-09T01:53:26Z" finished-at="2021-11-09T01:53:26Z">
          <reporter-output>
          </reporter-output>
        </test-method> <!-- checkStatusCode -->
        <test-method status="PASS" signature="checkserverType()[pri:0, instance:com.employeeapi.testCases.TC003_Post_Employee_Record@3b6eb2ec]" name="checkserverType" duration-ms="0" started-at="2021-11-09T01:53:26Z" finished-at="2021-11-09T01:53:26Z">
          <reporter-output>
          </reporter-output>
        </test-method> <!-- checkserverType -->
        <test-method status="PASS" signature="checkstatusLine()[pri:0, instance:com.employeeapi.testCases.TC003_Post_Employee_Record@3b6eb2ec]" name="checkstatusLine" duration-ms="0" started-at="2021-11-09T01:53:26Z" finished-at="2021-11-09T01:53:26Z">
          <reporter-output>
          </reporter-output>
        </test-method> <!-- checkstatusLine -->
        <test-method status="PASS" signature="tearDown()[pri:0, instance:com.employeeapi.testCases.TC003_Post_Employee_Record@3b6eb2ec]" name="tearDown" is-config="true" duration-ms="1" started-at="2021-11-09T01:53:26Z" finished-at="2021-11-09T01:53:26Z">
          <reporter-output>
          </reporter-output>
        </test-method> <!-- tearDown -->
      </class> <!-- com.employeeapi.testCases.TC003_Post_Employee_Record -->
      <class name="com.employeeapi.testCases.TC001_Get_All_Employees">
        <test-method status="PASS" signature="setup()[pri:0, instance:com.employeeapi.testCases.TC001_Get_All_Employees@5594a1b5]" name="setup" is-config="true" duration-ms="56" started-at="2021-11-09T01:53:12Z" finished-at="2021-11-09T01:53:12Z">
          <reporter-output>
          </reporter-output>
        </test-method> <!-- setup -->
        <test-method status="PASS" signature="getAllEmployees()[pri:0, instance:com.employeeapi.testCases.TC001_Get_All_Employees@5594a1b5]" name="getAllEmployees" is-config="true" duration-ms="1737" started-at="2021-11-09T01:53:12Z" finished-at="2021-11-09T01:53:14Z">
          <reporter-output>
          </reporter-output>
        </test-method> <!-- getAllEmployees -->
        <test-method status="PASS" signature="checkContentType()[pri:0, instance:com.employeeapi.testCases.TC001_Get_All_Employees@5594a1b5]" name="checkContentType" duration-ms="3" started-at="2021-11-09T01:53:14Z" finished-at="2021-11-09T01:53:14Z">
          <reporter-output>
          </reporter-output>
        </test-method> <!-- checkContentType -->
        <test-method status="PASS" signature="checkResponseTime()[pri:0, instance:com.employeeapi.testCases.TC001_Get_All_Employees@5594a1b5]" name="checkResponseTime" duration-ms="0" started-at="2021-11-09T01:53:14Z" finished-at="2021-11-09T01:53:14Z">
          <reporter-output>
          </reporter-output>
        </test-method> <!-- checkResponseTime -->
        <test-method status="PASS" signature="checkResposeBody()[pri:0, instance:com.employeeapi.testCases.TC001_Get_All_Employees@5594a1b5]" name="checkResposeBody" duration-ms="18" started-at="2021-11-09T01:53:14Z" finished-at="2021-11-09T01:53:14Z">
          <reporter-output>
          </reporter-output>
        </test-method> <!-- checkResposeBody -->
        <test-method status="PASS" signature="checkStatusCode()[pri:0, instance:com.employeeapi.testCases.TC001_Get_All_Employees@5594a1b5]" name="checkStatusCode" duration-ms="1" started-at="2021-11-09T01:53:14Z" finished-at="2021-11-09T01:53:14Z">
          <reporter-output>
          </reporter-output>
        </test-method> <!-- checkStatusCode -->
        <test-method status="PASS" signature="checkcontentEncoding()[pri:0, instance:com.employeeapi.testCases.TC001_Get_All_Employees@5594a1b5]" name="checkcontentEncoding" duration-ms="1" started-at="2021-11-09T01:53:14Z" finished-at="2021-11-09T01:53:14Z">
          <reporter-output>
          </reporter-output>
        </test-method> <!-- checkcontentEncoding -->
        <test-method status="PASS" signature="checkserverType()[pri:0, instance:com.employeeapi.testCases.TC001_Get_All_Employees@5594a1b5]" name="checkserverType" duration-ms="0" started-at="2021-11-09T01:53:14Z" finished-at="2021-11-09T01:53:14Z">
          <reporter-output>
          </reporter-output>
        </test-method> <!-- checkserverType -->
        <test-method status="PASS" signature="checkstatusLine()[pri:0, instance:com.employeeapi.testCases.TC001_Get_All_Employees@5594a1b5]" name="checkstatusLine" duration-ms="1" started-at="2021-11-09T01:53:14Z" finished-at="2021-11-09T01:53:14Z">
          <reporter-output>
          </reporter-output>
        </test-method> <!-- checkstatusLine -->
        <test-method status="PASS" signature="tearDown()[pri:0, instance:com.employeeapi.testCases.TC001_Get_All_Employees@5594a1b5]" name="tearDown" is-config="true" duration-ms="1" started-at="2021-11-09T01:53:14Z" finished-at="2021-11-09T01:53:14Z">
          <reporter-output>
          </reporter-output>
        </test-method> <!-- tearDown -->
      </class> <!-- com.employeeapi.testCases.TC001_Get_All_Employees -->
      <class name="com.employeeapi.testCases.TC005_Delete_Employee_Record">
        <test-method status="PASS" signature="setup()[pri:0, instance:com.employeeapi.testCases.TC005_Delete_Employee_Record@6e8dacdf]" name="setup" is-config="true" duration-ms="2" started-at="2021-11-09T01:53:31Z" finished-at="2021-11-09T01:53:31Z">
          <reporter-output>
          </reporter-output>
        </test-method> <!-- setup -->
        <test-method status="PASS" signature="deleteEmployee()[pri:0, instance:com.employeeapi.testCases.TC005_Delete_Employee_Record@6e8dacdf]" name="deleteEmployee" is-config="true" duration-ms="3300" started-at="2021-11-09T01:53:31Z" finished-at="2021-11-09T01:53:35Z">
          <reporter-output>
          </reporter-output>
        </test-method> <!-- deleteEmployee -->
        <test-method status="PASS" signature="checkStatusCode()[pri:0, instance:com.employeeapi.testCases.TC005_Delete_Employee_Record@6e8dacdf]" name="checkStatusCode" duration-ms="0" started-at="2021-11-09T01:53:35Z" finished-at="2021-11-09T01:53:35Z">
          <reporter-output>
          </reporter-output>
        </test-method> <!-- checkStatusCode -->
        <test-method status="PASS" signature="checkserverType()[pri:0, instance:com.employeeapi.testCases.TC005_Delete_Employee_Record@6e8dacdf]" name="checkserverType" duration-ms="0" started-at="2021-11-09T01:53:35Z" finished-at="2021-11-09T01:53:35Z">
          <reporter-output>
          </reporter-output>
        </test-method> <!-- checkserverType -->
        <test-method status="PASS" signature="tearDown()[pri:0, instance:com.employeeapi.testCases.TC005_Delete_Employee_Record@6e8dacdf]" name="tearDown" is-config="true" duration-ms="1" started-at="2021-11-09T01:53:35Z" finished-at="2021-11-09T01:53:35Z">
          <reporter-output>
          </reporter-output>
        </test-method> <!-- tearDown -->
        <test-method status="PASS" signature="checkstatusLine()[pri:0, instance:com.employeeapi.testCases.TC005_Delete_Employee_Record@6e8dacdf]" name="checkstatusLine" duration-ms="0" started-at="2021-11-09T01:53:35Z" finished-at="2021-11-09T01:53:35Z">
          <reporter-output>
          </reporter-output>
        </test-method> <!-- checkstatusLine -->
      </class> <!-- com.employeeapi.testCases.TC005_Delete_Employee_Record -->
      <class name="com.employeeapi.testCases.TC004_Put_Employee_Record">
        <test-method status="PASS" signature="setup()[pri:0, instance:com.employeeapi.testCases.TC004_Put_Employee_Record@1e643faf]" name="setup" is-config="true" duration-ms="2" started-at="2021-11-09T01:53:26Z" finished-at="2021-11-09T01:53:26Z">
          <reporter-output>
          </reporter-output>
        </test-method> <!-- setup -->
        <test-method status="PASS" signature="updateEmployee()[pri:0, instance:com.employeeapi.testCases.TC004_Put_Employee_Record@1e643faf]" name="updateEmployee" is-config="true" duration-ms="5314" started-at="2021-11-09T01:53:26Z" finished-at="2021-11-09T01:53:31Z">
          <reporter-output>
          </reporter-output>
        </test-method> <!-- updateEmployee -->
        <test-method status="PASS" signature="checkResposeBody()[pri:0, instance:com.employeeapi.testCases.TC004_Put_Employee_Record@1e643faf]" name="checkResposeBody" duration-ms="1" started-at="2021-11-09T01:53:31Z" finished-at="2021-11-09T01:53:31Z">
          <reporter-output>
          </reporter-output>
        </test-method> <!-- checkResposeBody -->
        <test-method status="PASS" signature="checkContentType()[pri:0, instance:com.employeeapi.testCases.TC004_Put_Employee_Record@1e643faf]" name="checkContentType" duration-ms="0" started-at="2021-11-09T01:53:31Z" finished-at="2021-11-09T01:53:31Z">
          <reporter-output>
          </reporter-output>
        </test-method> <!-- checkContentType -->
        <test-method status="PASS" signature="checkStatusCode()[pri:0, instance:com.employeeapi.testCases.TC004_Put_Employee_Record@1e643faf]" name="checkStatusCode" duration-ms="0" started-at="2021-11-09T01:53:31Z" finished-at="2021-11-09T01:53:31Z">
          <reporter-output>
          </reporter-output>
        </test-method> <!-- checkStatusCode -->
        <test-method status="PASS" signature="checkserverType()[pri:0, instance:com.employeeapi.testCases.TC004_Put_Employee_Record@1e643faf]" name="checkserverType" duration-ms="1" started-at="2021-11-09T01:53:31Z" finished-at="2021-11-09T01:53:31Z">
          <reporter-output>
          </reporter-output>
        </test-method> <!-- checkserverType -->
        <test-method status="PASS" signature="checkcontentEncoding()[pri:0, instance:com.employeeapi.testCases.TC004_Put_Employee_Record@1e643faf]" name="checkcontentEncoding" duration-ms="0" started-at="2021-11-09T01:53:31Z" finished-at="2021-11-09T01:53:31Z">
          <reporter-output>
          </reporter-output>
        </test-method> <!-- checkcontentEncoding -->
        <test-method status="PASS" signature="checkstatusLine()[pri:0, instance:com.employeeapi.testCases.TC004_Put_Employee_Record@1e643faf]" name="checkstatusLine" duration-ms="0" started-at="2021-11-09T01:53:31Z" finished-at="2021-11-09T01:53:31Z">
          <reporter-output>
          </reporter-output>
        </test-method> <!-- checkstatusLine -->
        <test-method status="PASS" signature="tearDown()[pri:0, instance:com.employeeapi.testCases.TC004_Put_Employee_Record@1e643faf]" name="tearDown" is-config="true" duration-ms="0" started-at="2021-11-09T01:53:31Z" finished-at="2021-11-09T01:53:31Z">
          <reporter-output>
          </reporter-output>
        </test-method> <!-- tearDown -->
      </class> <!-- com.employeeapi.testCases.TC004_Put_Employee_Record -->
      <class name="com.employeeapi.testCases.TC002_Get_Single_Employee_Record">
        <test-method status="PASS" signature="setup()[pri:0, instance:com.employeeapi.testCases.TC002_Get_Single_Employee_Record@6a5fc7f7]" name="setup" is-config="true" duration-ms="3" started-at="2021-11-09T01:53:14Z" finished-at="2021-11-09T01:53:14Z">
          <reporter-output>
          </reporter-output>
        </test-method> <!-- setup -->
        <test-method status="PASS" signature="getEmployeeData()[pri:0, instance:com.employeeapi.testCases.TC002_Get_Single_Employee_Record@6a5fc7f7]" name="getEmployeeData" is-config="true" duration-ms="7103" started-at="2021-11-09T01:53:14Z" finished-at="2021-11-09T01:53:21Z">
          <reporter-output>
          </reporter-output>
        </test-method> <!-- getEmployeeData -->
        <test-method status="PASS" signature="checkContentType()[pri:0, instance:com.employeeapi.testCases.TC002_Get_Single_Employee_Record@6a5fc7f7]" name="checkContentType" duration-ms="0" started-at="2021-11-09T01:53:21Z" finished-at="2021-11-09T01:53:21Z">
          <reporter-output>
          </reporter-output>
        </test-method> <!-- checkContentType -->
        <test-method status="PASS" signature="checkResponseTime()[pri:0, instance:com.employeeapi.testCases.TC002_Get_Single_Employee_Record@6a5fc7f7]" name="checkResponseTime" duration-ms="0" started-at="2021-11-09T01:53:21Z" finished-at="2021-11-09T01:53:21Z">
          <reporter-output>
          </reporter-output>
        </test-method> <!-- checkResponseTime -->
        <test-method status="PASS" signature="checkResposeBody()[pri:0, instance:com.employeeapi.testCases.TC002_Get_Single_Employee_Record@6a5fc7f7]" name="checkResposeBody" duration-ms="0" started-at="2021-11-09T01:53:21Z" finished-at="2021-11-09T01:53:21Z">
          <reporter-output>
          </reporter-output>
        </test-method> <!-- checkResposeBody -->
        <test-method status="PASS" signature="checkStatusCode()[pri:0, instance:com.employeeapi.testCases.TC002_Get_Single_Employee_Record@6a5fc7f7]" name="checkStatusCode" duration-ms="0" started-at="2021-11-09T01:53:21Z" finished-at="2021-11-09T01:53:21Z">
          <reporter-output>
          </reporter-output>
        </test-method> <!-- checkStatusCode -->
        <test-method status="PASS" signature="checkstatusLine()[pri:0, instance:com.employeeapi.testCases.TC002_Get_Single_Employee_Record@6a5fc7f7]" name="checkstatusLine" duration-ms="1" started-at="2021-11-09T01:53:21Z" finished-at="2021-11-09T01:53:21Z">
          <reporter-output>
          </reporter-output>
        </test-method> <!-- checkstatusLine -->
        <test-method status="PASS" signature="checkserverType()[pri:0, instance:com.employeeapi.testCases.TC002_Get_Single_Employee_Record@6a5fc7f7]" name="checkserverType" duration-ms="0" started-at="2021-11-09T01:53:21Z" finished-at="2021-11-09T01:53:21Z">
          <reporter-output>
          </reporter-output>
        </test-method> <!-- checkserverType -->
        <test-method status="PASS" signature="tearDown()[pri:0, instance:com.employeeapi.testCases.TC002_Get_Single_Employee_Record@6a5fc7f7]" name="tearDown" is-config="true" duration-ms="0" started-at="2021-11-09T01:53:21Z" finished-at="2021-11-09T01:53:21Z">
          <reporter-output>
          </reporter-output>
        </test-method> <!-- tearDown -->
      </class> <!-- com.employeeapi.testCases.TC002_Get_Single_Employee_Record -->
    </test> <!-- EmployeesRestAPITest -->
  </suite> <!-- EmployeesRestAPISuite -->
</testng-results>
